# JRE version: OpenJDK Runtime Environment Zulu15.36+13-CA (15.0.5+3) (build 15.0.5+3-MTS)
# Java VM: OpenJDK 64-Bit Server VM Zulu15.36+13-CA (15.0.5+3-MTS, mixed mode, tiered, compressed oops, g1 gc, bsd-aarch64)
GC Precious Log:
 CPUs: 8 total, 8 available
 Memory: 16384M
 Large Page Support: Disabled
 NUMA Support: Disabled
 Compressed Oops: Enabled (Zero based)
 Heap Region Size: 2M
 Heap Min Capacity: 8M
 Heap Initial Capacity: 256M
 Heap Max Capacity: 4G
 Pre-touch: Disabled
 Parallel Workers: 8
 Concurrent Workers: 2
 Concurrent Refinement Workers: 8
 Periodic GC: Disabled
Heap:
 garbage-first heap   total 104448K, used 56208K [0x00000006c0000000, 0x00000007c0000000)
  region size 2048K, 14 young (28672K), 2 survivors (4096K)
 Metaspace       used 80170K, capacity 80809K, committed 80960K, reserved 1120256K
  class space    used 10363K, capacity 10585K, committed 10624K, reserved 1048576K
GC Heap History (20 events):
Event: 1.453 GC heap before
{Heap before GC invocations=6 (full 0):
 garbage-first heap   total 155648K, used 98299K [0x00000006c0000000, 0x00000007c0000000)
  region size 2048K, 45 young (92160K), 2 survivors (4096K)
 Metaspace       used 34178K, capacity 34586K, committed 34688K, reserved 1079296K
  class space    used 4053K, capacity 4188K, committed 4224K, reserved 1048576K
}
Event: 1.455 GC heap after
{Heap after GC invocations=7 (full 0):
 garbage-first heap   total 155648K, used 14047K [0x00000006c0000000, 0x00000007c0000000)
  region size 2048K, 2 young (4096K), 2 survivors (4096K)
 Metaspace       used 34178K, capacity 34586K, committed 34688K, reserved 1079296K
  class space    used 4053K, capacity 4188K, committed 4224K, reserved 1048576K
}
Event: 1.514 GC heap before
{Heap before GC invocations=7 (full 0):
 garbage-first heap   total 155648K, used 22239K [0x00000006c0000000, 0x00000007c0000000)
  region size 2048K, 7 young (14336K), 2 survivors (4096K)
 Metaspace       used 35363K, capacity 35774K, committed 35840K, reserved 1081344K
  class space    used 4209K, capacity 4349K, committed 4352K, reserved 1048576K
}
Event: 1.516 GC heap after
{Heap after GC invocations=8 (full 0):
 garbage-first heap   total 155648K, used 14606K [0x00000006c0000000, 0x00000007c0000000)
  region size 2048K, 3 young (6144K), 3 survivors (6144K)
 Metaspace       used 35363K, capacity 35774K, committed 35840K, reserved 1081344K
  class space    used 4209K, capacity 4349K, committed 4352K, reserved 1048576K
}
Event: 1.790 GC heap before
{Heap before GC invocations=9 (full 0):
 garbage-first heap   total 69632K, used 49422K [0x00000006c0000000, 0x00000007c0000000)
  region size 2048K, 20 young (40960K), 3 survivors (6144K)
 Metaspace       used 39905K, capacity 40329K, committed 40384K, reserved 1085440K
  class space    used 4907K, capacity 5068K, committed 5120K, reserved 1048576K
}
Event: 1.797 GC heap after
{Heap after GC invocations=10 (full 0):
 garbage-first heap   total 69632K, used 16555K [0x00000006c0000000, 0x00000007c0000000)
  region size 2048K, 3 young (6144K), 3 survivors (6144K)
 Metaspace       used 39905K, capacity 40329K, committed 40384K, reserved 1085440K
  class space    used 4907K, capacity 5068K, committed 5120K, reserved 1048576K
}
Event: 2.042 GC heap before
{Heap before GC invocations=10 (full 0):
 garbage-first heap   total 69632K, used 47275K [0x00000006c0000000, 0x00000007c0000000)
  region size 2048K, 19 young (38912K), 3 survivors (6144K)
 Metaspace       used 45065K, capacity 45517K, committed 45760K, reserved 1089536K
  class space    used 5664K, capacity 5857K, committed 5888K, reserved 1048576K
}
Event: 2.048 GC heap after
{Heap after GC invocations=11 (full 0):
 garbage-first heap   total 83968K, used 18275K [0x00000006c0000000, 0x00000007c0000000)
  region size 2048K, 3 young (6144K), 3 survivors (6144K)
 Metaspace       used 45065K, capacity 45517K, committed 45760K, reserved 1089536K
  class space    used 5664K, capacity 5857K, committed 5888K, reserved 1048576K
}
Event: 2.375 GC heap before
{Heap before GC invocations=11 (full 0):
 garbage-first heap   total 83968K, used 59235K [0x00000006c0000000, 0x00000007c0000000)
  region size 2048K, 23 young (47104K), 3 survivors (6144K)
 Metaspace       used 56426K, capacity 56953K, committed 57280K, reserved 1099776K
  class space    used 7129K, capacity 7341K, committed 7424K, reserved 1048576K
}
Event: 2.381 GC heap after
{Heap after GC invocations=12 (full 0):
 garbage-first heap   total 83968K, used 21997K [0x00000006c0000000, 0x00000007c0000000)
  region size 2048K, 3 young (6144K), 3 survivors (6144K)
 Metaspace       used 56426K, capacity 56953K, committed 57280K, reserved 1099776K
  class space    used 7129K, capacity 7341K, committed 7424K, reserved 1048576K
}
Event: 2.484 GC heap before
{Heap before GC invocations=12 (full 0):
 garbage-first heap   total 83968K, used 42477K [0x00000006c0000000, 0x00000007c0000000)
  region size 2048K, 14 young (28672K), 3 survivors (6144K)
 Metaspace       used 59615K, capacity 60110K, committed 60224K, reserved 1101824K
  class space    used 7526K, capacity 7729K, committed 7808K, reserved 1048576K
}
Event: 2.490 GC heap after
{Heap after GC invocations=13 (full 0):
 garbage-first heap   total 83968K, used 23326K [0x00000006c0000000, 0x00000007c0000000)
  region size 2048K, 1 young (2048K), 1 survivors (2048K)
 Metaspace       used 59615K, capacity 60110K, committed 60224K, reserved 1101824K
  class space    used 7526K, capacity 7729K, committed 7808K, reserved 1048576K
}
Event: 2.806 GC heap before
{Heap before GC invocations=14 (full 0):
 garbage-first heap   total 83968K, used 60190K [0x00000006c0000000, 0x00000007c0000000)
  region size 2048K, 20 young (40960K), 1 survivors (2048K)
 Metaspace       used 64586K, capacity 65130K, committed 65344K, reserved 1105920K
  class space    used 8283K, capacity 8478K, committed 8576K, reserved 1048576K
}
Event: 2.811 GC heap after
{Heap after GC invocations=15 (full 0):
 garbage-first heap   total 83968K, used 24841K [0x00000006c0000000, 0x00000007c0000000)
  region size 2048K, 2 young (4096K), 2 survivors (4096K)
 Metaspace       used 64586K, capacity 65130K, committed 65344K, reserved 1105920K
  class space    used 8283K, capacity 8478K, committed 8576K, reserved 1048576K
}
Event: 3.036 GC heap before
{Heap before GC invocations=15 (full 0):
 garbage-first heap   total 83968K, used 59657K [0x00000006c0000000, 0x00000007c0000000)
  region size 2048K, 20 young (40960K), 2 survivors (4096K)
 Metaspace       used 68513K, capacity 69118K, committed 69440K, reserved 1110016K
  class space    used 8767K, capacity 9006K, committed 9088K, reserved 1048576K
}
Event: 3.041 GC heap after
{Heap after GC invocations=16 (full 0):
 garbage-first heap   total 104448K, used 26717K [0x00000006c0000000, 0x00000007c0000000)
  region size 2048K, 3 young (6144K), 3 survivors (6144K)
 Metaspace       used 68513K, capacity 69118K, committed 69440K, reserved 1110016K
  class space    used 8767K, capacity 9006K, committed 9088K, reserved 1048576K
}
Event: 3.299 GC heap before
{Heap before GC invocations=16 (full 0):
 garbage-first heap   total 104448K, used 77917K [0x00000006c0000000, 0x00000007c0000000)
  region size 2048K, 28 young (57344K), 3 survivors (6144K)
 Metaspace       used 71642K, capacity 72278K, committed 72384K, reserved 1112064K
  class space    used 9208K, capacity 9435K, committed 9472K, reserved 1048576K
}
Event: 3.307 GC heap after
{Heap after GC invocations=17 (full 0):
 garbage-first heap   total 104448K, used 31280K [0x00000006c0000000, 0x00000007c0000000)
  region size 2048K, 4 young (8192K), 4 survivors (8192K)
 Metaspace       used 71642K, capacity 72278K, committed 72384K, reserved 1112064K
  class space    used 9208K, capacity 9435K, committed 9472K, reserved 1048576K
}
Event: 3.549 GC heap before
{Heap before GC invocations=17 (full 0):
 garbage-first heap   total 104448K, used 78384K [0x00000006c0000000, 0x00000007c0000000)
  region size 2048K, 27 young (55296K), 4 survivors (8192K)
 Metaspace       used 76861K, capacity 77484K, committed 77760K, reserved 1116160K
  class space    used 9876K, capacity 10122K, committed 10240K, reserved 1048576K
}
Event: 3.557 GC heap after
{Heap after GC invocations=18 (full 0):
 garbage-first heap   total 104448K, used 33680K [0x00000006c0000000, 0x00000007c0000000)
  region size 2048K, 2 young (4096K), 2 survivors (4096K)
 Metaspace       used 76861K, capacity 77484K, committed 77760K, reserved 1116160K
  class space    used 9876K, capacity 10122K, committed 10240K, reserved 1048576K
}

