# JRE version: OpenJDK Runtime Environment Zulu15.36+13-CA (15.0.5+3) (build 15.0.5+3-MTS)
# Java VM: OpenJDK 64-Bit Server VM Zulu15.36+13-CA (15.0.5+3-MTS, mixed mode, tiered, compressed oops, g1 gc, bsd-aarch64)
GC Precious Log:
 CPUs: 8 total, 8 available
 Memory: 16384M
 Large Page Support: Disabled
 NUMA Support: Disabled
 Compressed Oops: Enabled (Zero based)
 Heap Region Size: 2M
 Heap Min Capacity: 8M
 Heap Initial Capacity: 256M
 Heap Max Capacity: 4G
 Pre-touch: Disabled
 Parallel Workers: 8
 Concurrent Workers: 2
 Concurrent Refinement Workers: 8
 Periodic GC: Disabled
Heap:
 garbage-first heap   total 108544K, used 37246K [0x00000006c0000000, 0x00000007c0000000)
  region size 2048K, 5 young (10240K), 2 survivors (4096K)
 Metaspace       used 79201K, capacity 79845K, committed 80112K, reserved 1118208K
  class space    used 10231K, capacity 10455K, committed 10496K, reserved 1048576K
GC Heap History (20 events):
Event: 1.317 GC heap before
{Heap before GC invocations=6 (full 0):
 garbage-first heap   total 155648K, used 98369K [0x00000006c0000000, 0x00000007c0000000)
  region size 2048K, 45 young (92160K), 2 survivors (4096K)
 Metaspace       used 35104K, capacity 35512K, committed 35584K, reserved 1081344K
  class space    used 4155K, capacity 4283K, committed 4352K, reserved 1048576K
}
Event: 1.320 GC heap after
{Heap after GC invocations=7 (full 0):
 garbage-first heap   total 155648K, used 14181K [0x00000006c0000000, 0x00000007c0000000)
  region size 2048K, 3 young (6144K), 3 survivors (6144K)
 Metaspace       used 35104K, capacity 35512K, committed 35584K, reserved 1081344K
  class space    used 4155K, capacity 4283K, committed 4352K, reserved 1048576K
}
Event: 1.334 GC heap before
{Heap before GC invocations=7 (full 0):
 garbage-first heap   total 155648K, used 14181K [0x00000006c0000000, 0x00000007c0000000)
  region size 2048K, 4 young (8192K), 3 survivors (6144K)
 Metaspace       used 35398K, capacity 35771K, committed 35840K, reserved 1081344K
  class space    used 4209K, capacity 4348K, committed 4352K, reserved 1048576K
}
Event: 1.338 GC heap after
{Heap after GC invocations=8 (full 0):
 garbage-first heap   total 155648K, used 14413K [0x00000006c0000000, 0x00000007c0000000)
  region size 2048K, 3 young (6144K), 3 survivors (6144K)
 Metaspace       used 35398K, capacity 35771K, committed 35840K, reserved 1081344K
  class space    used 4209K, capacity 4348K, committed 4352K, reserved 1048576K
}
Event: 1.632 GC heap before
{Heap before GC invocations=9 (full 0):
 garbage-first heap   total 69632K, used 49229K [0x00000006c0000000, 0x00000007c0000000)
  region size 2048K, 20 young (40960K), 3 survivors (6144K)
 Metaspace       used 39999K, capacity 40457K, committed 40704K, reserved 1085440K
  class space    used 4919K, capacity 5068K, committed 5120K, reserved 1048576K
}
Event: 1.642 GC heap after
{Heap after GC invocations=10 (full 0):
 garbage-first heap   total 69632K, used 16076K [0x00000006c0000000, 0x00000007c0000000)
  region size 2048K, 3 young (6144K), 3 survivors (6144K)
 Metaspace       used 39999K, capacity 40457K, committed 40704K, reserved 1085440K
  class space    used 4919K, capacity 5068K, committed 5120K, reserved 1048576K
}
Event: 1.863 GC heap before
{Heap before GC invocations=10 (full 0):
 garbage-first heap   total 69632K, used 48844K [0x00000006c0000000, 0x00000007c0000000)
  region size 2048K, 19 young (38912K), 3 survivors (6144K)
 Metaspace       used 45194K, capacity 45677K, committed 45952K, reserved 1089536K
  class space    used 5691K, capacity 5889K, committed 6016K, reserved 1048576K
}
Event: 1.869 GC heap after
{Heap after GC invocations=11 (full 0):
 garbage-first heap   total 86016K, used 17833K [0x00000006c0000000, 0x00000007c0000000)
  region size 2048K, 2 young (4096K), 2 survivors (4096K)
 Metaspace       used 45194K, capacity 45677K, committed 45952K, reserved 1089536K
  class space    used 5691K, capacity 5889K, committed 6016K, reserved 1048576K
}
Event: 2.223 GC heap before
{Heap before GC invocations=11 (full 0):
 garbage-first heap   total 86016K, used 62889K [0x00000006c0000000, 0x00000007c0000000)
  region size 2048K, 24 young (49152K), 2 survivors (4096K)
 Metaspace       used 57353K, capacity 57916K, committed 58240K, reserved 1099776K
  class space    used 7249K, capacity 7470K, committed 7552K, reserved 1048576K
}
Event: 2.229 GC heap after
{Heap after GC invocations=12 (full 0):
 garbage-first heap   total 86016K, used 21928K [0x00000006c0000000, 0x00000007c0000000)
  region size 2048K, 3 young (6144K), 3 survivors (6144K)
 Metaspace       used 57353K, capacity 57916K, committed 58240K, reserved 1099776K
  class space    used 7249K, capacity 7470K, committed 7552K, reserved 1048576K
}
Event: 2.305 GC heap before
{Heap before GC invocations=12 (full 0):
 garbage-first heap   total 86016K, used 32168K [0x00000006c0000000, 0x00000007c0000000)
  region size 2048K, 10 young (20480K), 3 survivors (6144K)
 Metaspace       used 59354K, capacity 59848K, committed 59904K, reserved 1101824K
  class space    used 7477K, capacity 7664K, committed 7680K, reserved 1048576K
}
Event: 2.311 GC heap after
{Heap after GC invocations=13 (full 0):
 garbage-first heap   total 86016K, used 22816K [0x00000006c0000000, 0x00000007c0000000)
  region size 2048K, 1 young (2048K), 1 survivors (2048K)
 Metaspace       used 59354K, capacity 59848K, committed 59904K, reserved 1101824K
  class space    used 7477K, capacity 7664K, committed 7680K, reserved 1048576K
}
Event: 2.616 GC heap before
{Heap before GC invocations=14 (full 0):
 garbage-first heap   total 86016K, used 63776K [0x00000006c0000000, 0x00000007c0000000)
  region size 2048K, 21 young (43008K), 1 survivors (2048K)
 Metaspace       used 63990K, capacity 64490K, committed 64752K, reserved 1105920K
  class space    used 8224K, capacity 8414K, committed 8448K, reserved 1048576K
}
Event: 2.621 GC heap after
{Heap after GC invocations=15 (full 0):
 garbage-first heap   total 86016K, used 24517K [0x00000006c0000000, 0x00000007c0000000)
  region size 2048K, 2 young (4096K), 2 survivors (4096K)
 Metaspace       used 63990K, capacity 64490K, committed 64752K, reserved 1105920K
  class space    used 8224K, capacity 8414K, committed 8448K, reserved 1048576K
}
Event: 2.860 GC heap before
{Heap before GC invocations=15 (full 0):
 garbage-first heap   total 86016K, used 63429K [0x00000006c0000000, 0x00000007c0000000)
  region size 2048K, 21 young (43008K), 2 survivors (4096K)
 Metaspace       used 68827K, capacity 69429K, committed 69488K, reserved 1110016K
  class space    used 8828K, capacity 9069K, committed 9088K, reserved 1048576K
}
Event: 2.864 GC heap after
{Heap after GC invocations=16 (full 0):
 garbage-first heap   total 108544K, used 26141K [0x00000006c0000000, 0x00000007c0000000)
  region size 2048K, 3 young (6144K), 3 survivors (6144K)
 Metaspace       used 68827K, capacity 69429K, committed 69488K, reserved 1110016K
  class space    used 8828K, capacity 9069K, committed 9088K, reserved 1048576K
}
Event: 3.170 GC heap before
{Heap before GC invocations=16 (full 0):
 garbage-first heap   total 108544K, used 79389K [0x00000006c0000000, 0x00000007c0000000)
  region size 2048K, 30 young (61440K), 3 survivors (6144K)
 Metaspace       used 72582K, capacity 73234K, committed 73328K, reserved 1114112K
  class space    used 9329K, capacity 9565K, committed 9600K, reserved 1048576K
}
Event: 3.178 GC heap after
{Heap after GC invocations=17 (full 0):
 garbage-first heap   total 108544K, used 31297K [0x00000006c0000000, 0x00000007c0000000)
  region size 2048K, 4 young (8192K), 4 survivors (8192K)
 Metaspace       used 72582K, capacity 73234K, committed 73328K, reserved 1114112K
  class space    used 9329K, capacity 9565K, committed 9600K, reserved 1048576K
}
Event: 3.454 GC heap before
{Heap before GC invocations=17 (full 0):
 garbage-first heap   total 108544K, used 82497K [0x00000006c0000000, 0x00000007c0000000)
  region size 2048K, 29 young (59392K), 4 survivors (8192K)
 Metaspace       used 78326K, capacity 78983K, committed 79216K, reserved 1118208K
  class space    used 10099K, capacity 10321K, committed 10368K, reserved 1048576K
}
Event: 3.464 GC heap after
{Heap after GC invocations=18 (full 0):
 garbage-first heap   total 108544K, used 33150K [0x00000006c0000000, 0x00000007c0000000)
  region size 2048K, 2 young (4096K), 2 survivors (4096K)
 Metaspace       used 78326K, capacity 78983K, committed 79216K, reserved 1118208K
  class space    used 10099K, capacity 10321K, committed 10368K, reserved 1048576K
}

